{"status":"error","detail":"(psycopg2.errors.SyntaxError) syntax error at or near \":\"\nLINE 1: DELETE FROM transactions WHERE user_id = :uid::uuid\n                                                 ^\n\n[SQL: DELETE FROM transactions WHERE user_id = :uid::uuid]\n(Background on this error at: https://sqlalche.me/e/20/f405)","tb":"Traceback (most recent call last):\n  File \"C:\\Users\\Khine\\Desktop\\KoreX Financial System\\backend\\venv\\Lib\\site-packages\\sqlalchemy\\engine\\base.py\", line 1967, in _exec_single_context\n    self.dialect.do_execute(\n    ~~~~~~~~~~~~~~~~~~~~~~~^\n        cursor, str_statement, effective_parameters, context\n        ^^^^^^^^^^^^^^^^^^^^^^^^^^^^^^^^^^^^^^^^^^^^^^^^^^^^\n    )\n    ^\n  File \"C:\\Users\\Khine\\Desktop\\KoreX Financial System\\backend\\venv\\Lib\\site-packages\\sqlalchemy\\engine\\default.py\", line 952, in do_execute\n    cursor.execute(statement, parameters)\n    ~~~~~~~~~~~~~~^^^^^^^^^^^^^^^^^^^^^^^\npsycopg2.errors.SyntaxError: syntax error at or near \":\"\nLINE 1: DELETE FROM transactions WHERE user_id = :uid::uuid\n                                                 ^\n\n\nThe above exception was the direct cause of the following exception:\n\nTraceback (most recent call last):\n  File \"C:\\Users\\Khine\\Desktop\\KoreX Financial System\\backend\\main.py\", line 1486, in seed_stress_test\n    return _seed_impl(user_id)\n  File \"C:\\Users\\Khine\\Desktop\\KoreX Financial System\\backend\\main.py\", line 1498, in _seed_impl\n    session.execute(text(\"DELETE FROM transactions WHERE user_id = :uid::uuid\"), {\"uid\": uid})\n    ~~~~~~~~~~~~~~~^^^^^^^^^^^^^^^^^^^^^^^^^^^^^^^^^^^^^^^^^^^^^^^^^^^^^^^^^^^^^^^^^^^^^^^^^^^\n  File \"C:\\Users\\Khine\\Desktop\\KoreX Financial System\\backend\\venv\\Lib\\site-packages\\sqlmodel\\orm\\session.py\", line 142, in execute\n    return super().execute(\n           ~~~~~~~~~~~~~~~^\n        statement,\n        ^^^^^^^^^^\n    ...<4 lines>...\n        _add_event=_add_event,\n        ^^^^^^^^^^^^^^^^^^^^^^\n    )\n    ^\n  File \"C:\\Users\\Khine\\Desktop\\KoreX Financial System\\backend\\venv\\Lib\\site-packages\\sqlalchemy\\orm\\session.py\", line 2351, in execute\n    return self._execute_internal(\n           ~~~~~~~~~~~~~~~~~~~~~~^\n        statement,\n        ^^^^^^^^^^\n    ...<4 lines>...\n        _add_event=_add_event,\n        ^^^^^^^^^^^^^^^^^^^^^^\n    )\n    ^\n  File \"C:\\Users\\Khine\\Desktop\\KoreX Financial System\\backend\\venv\\Lib\\site-packages\\sqlalchemy\\orm\\session.py\", line 2258, in _execute_internal\n    result = conn.execute(\n        statement, params or {}, execution_options=execution_options\n    )\n  File \"C:\\Users\\Khine\\Desktop\\KoreX Financial System\\backend\\venv\\Lib\\site-packages\\sqlalchemy\\engine\\base.py\", line 1419, in execute\n    return meth(\n        self,\n        distilled_parameters,\n        execution_options or NO_OPTIONS,\n    )\n  File \"C:\\Users\\Khine\\Desktop\\KoreX Financial System\\backend\\venv\\Lib\\site-packages\\sqlalchemy\\sql\\elements.py\", line 527, in _execute_on_connection\n    return connection._execute_clauseelement(\n           ~~~~~~~~~~~~~~~~~~~~~~~~~~~~~~~~~^\n        self, distilled_params, execution_options\n        ^^^^^^^^^^^^^^^^^^^^^^^^^^^^^^^^^^^^^^^^^\n    )\n    ^\n  File \"C:\\Users\\Khine\\Desktop\\KoreX Financial System\\backend\\venv\\Lib\\site-packages\\sqlalchemy\\engine\\base.py\", line 1641, in _execute_clauseelement\n    ret = self._execute_context(\n        dialect,\n    ...<8 lines>...\n        cache_hit=cache_hit,\n    )\n  File \"C:\\Users\\Khine\\Desktop\\KoreX Financial System\\backend\\venv\\Lib\\site-packages\\sqlalchemy\\engine\\base.py\", line 1846, in _execute_context\n    return self._exec_single_context(\n           ~~~~~~~~~~~~~~~~~~~~~~~~~^\n        dialect, context, statement, parameters\n        ^^^^^^^^^^^^^^^^^^^^^^^^^^^^^^^^^^^^^^^\n    )\n    ^\n  File \"C:\\Users\\Khine\\Desktop\\KoreX Financial System\\backend\\venv\\Lib\\site-packages\\sqlalchemy\\engine\\base.py\", line 1986, in _exec_single_context\n    self._handle_dbapi_exception(\n    ~~~~~~~~~~~~~~~~~~~~~~~~~~~~^\n        e, str_statement, effective_parameters, cursor, context\n        ^^^^^^^^^^^^^^^^^^^^^^^^^^^^^^^^^^^^^^^^^^^^^^^^^^^^^^^\n    )\n    ^\n  File \"C:\\Users\\Khine\\Desktop\\KoreX Financial System\\backend\\venv\\Lib\\site-packages\\sqlalchemy\\engine\\base.py\", line 2363, in _handle_dbapi_exception\n    raise sqlalchemy_exception.with_traceback(exc_info[2]) from e\n  File \"C:\\Users\\Khine\\Desktop\\KoreX Financial System\\backend\\venv\\Lib\\site-packages\\sqlalchemy\\engine\\base.py\", line 1967, in _exec_single_context\n    self.dialect.do_execute(\n    ~~~~~~~~~~~~~~~~~~~~~~~^\n        cursor, str_statement, effective_parameters, context\n        ^^^^^^^^^^^^^^^^^^^^^^^^^^^^^^^^^^^^^^^^^^^^^^^^^^^^\n    )\n    ^\n  File \"C:\\Users\\Khine\\Desktop\\KoreX Financial System\\backend\\venv\\Lib\\site-packages\\sqlalchemy\\engine\\default.py\", line 952, in do_execute\n    cursor.execute(statement, parameters)\n    ~~~~~~~~~~~~~~^^^^^^^^^^^^^^^^^^^^^^^\nsqlalchemy.exc.ProgrammingError: (psycopg2.errors.SyntaxError) syntax error at or near \":\"\nLINE 1: DELETE FROM transactions WHERE user_id = :uid::uuid\n                                                 ^\n\n[SQL: DELETE FROM transactions WHERE user_id = :uid::uuid]\n(Background on this error at: https://sqlalche.me/e/20/f405)\n"}
