{"status":"error","detail":"(psycopg2.errors.DatatypeMismatch) column \"user_id\" is of type uuid but expression is of type character varying\nLINE 1: ...pecific_1, date_specific_2, month_of_year) SELECT p0::VARCHA...\n                                                             ^\nHINT:  You will need to rewrite or cast the expression.\n\n[SQL: INSERT INTO cashflow_items (user_id, name, amount, category, frequency, is_variable, day_of_month, day_of_week, date_specific_1, date_specific_2, month_of_year) SELECT p0::VARCHAR, p1::VARCHAR, p2::NUMERIC(14, 2), p3::VARCHAR, p4::VARCHAR, p5::BOOLEA ... 4092 characters truncated ... , p9, p10, sen_counter) ORDER BY sen_counter RETURNING cashflow_items.id, cashflow_items.id AS id__1]\n[parameters: {'frequency__0': 'monthly', 'date_specific_1__0': None, 'date_specific_2__0': None, 'month_of_year__0': None, 'day_of_week__0': None, 'is_variable__0': False, 'amount__0': Decimal('8500.00'), 'name__0': 'LLC Distribution', 'category__0': 'income', 'day_of_month__0': 1, 'user_id__0': '00000000-0000-4000-a000-000000000001', 'frequency__1': 'biweekly', 'date_specific_1__1': None, 'date_specific_2__1': None, 'month_of_year__1': None, 'day_of_week__1': 4, 'is_variable__1': False, 'amount__1': Decimal('4200.00'), 'name__1': 'W2 Consulting', 'category__1': 'income', 'day_of_month__1': 15, 'user_id__1': '00000000-0000-4000-a000-000000000001', 'frequency__2': 'monthly', 'date_specific_1__2': None, 'date_specific_2__2': None, 'month_of_year__2': None, 'day_of_week__2': None, 'is_variable__2': False, 'amount__2': Decimal('2800.00'), 'name__2': 'Rental Income #1', 'category__2': 'income', 'day_of_month__2': 5, 'user_id__2': '00000000-0000-4000-a000-000000000001', 'frequency__3': 'monthly', 'date_specific_1__3': None, 'date_specific_2__3': None, 'month_of_year__3': None, 'day_of_week__3': None, 'is_variable__3': False, 'amount__3': Decimal('2200.00'), 'name__3': 'Rental Income #2', 'category__3': 'income', 'day_of_month__3': 5, 'user_id__3': '00000000-0000-4000-a000-000000000001', 'frequency__4': 'monthly', 'date_specific_1__4': None, 'date_specific_2__4': None, 'month_of_year__4': None, 'day_of_week__4': None, 'is_variable__4': True ... 98 parameters truncated ... 'is_variable__13': True, 'amount__13': Decimal('420.00'), 'name__13': 'Utilities - All Properties', 'category__13': 'expense', 'day_of_month__13': 15, 'user_id__13': '00000000-0000-4000-a000-000000000001', 'frequency__14': 'monthly', 'date_specific_1__14': None, 'date_specific_2__14': None, 'month_of_year__14': None, 'day_of_week__14': None, 'is_variable__14': False, 'amount__14': Decimal('280.00'), 'name__14': 'Internet + Phone Bundle', 'category__14': 'expense', 'day_of_month__14': 18, 'user_id__14': '00000000-0000-4000-a000-000000000001', 'frequency__15': 'monthly', 'date_specific_1__15': None, 'date_specific_2__15': None, 'month_of_year__15': None, 'day_of_week__15': None, 'is_variable__15': False, 'amount__15': Decimal('350.00'), 'name__15': 'Gym + Country Club', 'category__15': 'expense', 'day_of_month__15': 1, 'user_id__15': '00000000-0000-4000-a000-000000000001', 'frequency__16': 'monthly', 'date_specific_1__16': None, 'date_specific_2__16': None, 'month_of_year__16': None, 'day_of_week__16': None, 'is_variable__16': False, 'amount__16': Decimal('1800.00'), 'name__16': 'Kids School Tuition', 'category__16': 'expense', 'day_of_month__16': 5, 'user_id__16': '00000000-0000-4000-a000-000000000001', 'frequency__17': 'weekly', 'date_specific_1__17': None, 'date_specific_2__17': None, 'month_of_year__17': None, 'day_of_week__17': 5, 'is_variable__17': True, 'amount__17': Decimal('600.00'), 'name__17': 'Groceries + Household', 'category__17': 'expense', 'day_of_month__17': 1, 'user_id__17': '00000000-0000-4000-a000-000000000001'}]\n(Background on this error at: https://sqlalche.me/e/20/f405)","tb":"Traceback (most recent call last):\n  File \"C:\\Users\\Khine\\Desktop\\KoreX Financial System\\backend\\venv\\Lib\\site-packages\\sqlalchemy\\engine\\base.py\", line 2125, in _exec_insertmany_context\n    dialect.do_execute(\n    ~~~~~~~~~~~~~~~~~~^\n        cursor,\n        ^^^^^^^\n    ...<2 lines>...\n        context,\n        ^^^^^^^^\n    )\n    ^\n  File \"C:\\Users\\Khine\\Desktop\\KoreX Financial System\\backend\\venv\\Lib\\site-packages\\sqlalchemy\\engine\\default.py\", line 952, in do_execute\n    cursor.execute(statement, parameters)\n    ~~~~~~~~~~~~~~^^^^^^^^^^^^^^^^^^^^^^^\npsycopg2.errors.DatatypeMismatch: column \"user_id\" is of type uuid but expression is of type character varying\nLINE 1: ...pecific_1, date_specific_2, month_of_year) SELECT p0::VARCHA...\n                                                             ^\nHINT:  You will need to rewrite or cast the expression.\n\n\nThe above exception was the direct cause of the following exception:\n\nTraceback (most recent call last):\n  File \"C:\\Users\\Khine\\Desktop\\KoreX Financial System\\backend\\main.py\", line 1486, in seed_stress_test\n    return _seed_impl(user_id)\n  File \"C:\\Users\\Khine\\Desktop\\KoreX Financial System\\backend\\main.py\", line 1737, in _seed_impl\n    session.commit()\n    ~~~~~~~~~~~~~~^^\n  File \"C:\\Users\\Khine\\Desktop\\KoreX Financial System\\backend\\venv\\Lib\\site-packages\\sqlalchemy\\orm\\session.py\", line 2030, in commit\n    trans.commit(_to_root=True)\n    ~~~~~~~~~~~~^^^^^^^^^^^^^^^\n  File \"<string>\", line 2, in commit\n  File \"C:\\Users\\Khine\\Desktop\\KoreX Financial System\\backend\\venv\\Lib\\site-packages\\sqlalchemy\\orm\\state_changes.py\", line 137, in _go\n    ret_value = fn(self, *arg, **kw)\n  File \"C:\\Users\\Khine\\Desktop\\KoreX Financial System\\backend\\venv\\Lib\\site-packages\\sqlalchemy\\orm\\session.py\", line 1311, in commit\n    self._prepare_impl()\n    ~~~~~~~~~~~~~~~~~~^^\n  File \"<string>\", line 2, in _prepare_impl\n  File \"C:\\Users\\Khine\\Desktop\\KoreX Financial System\\backend\\venv\\Lib\\site-packages\\sqlalchemy\\orm\\state_changes.py\", line 137, in _go\n    ret_value = fn(self, *arg, **kw)\n  File \"C:\\Users\\Khine\\Desktop\\KoreX Financial System\\backend\\venv\\Lib\\site-packages\\sqlalchemy\\orm\\session.py\", line 1286, in _prepare_impl\n    self.session.flush()\n    ~~~~~~~~~~~~~~~~~~^^\n  File \"C:\\Users\\Khine\\Desktop\\KoreX Financial System\\backend\\venv\\Lib\\site-packages\\sqlalchemy\\orm\\session.py\", line 4331, in flush\n    self._flush(objects)\n    ~~~~~~~~~~~^^^^^^^^^\n  File \"C:\\Users\\Khine\\Desktop\\KoreX Financial System\\backend\\venv\\Lib\\site-packages\\sqlalchemy\\orm\\session.py\", line 4466, in _flush\n    with util.safe_reraise():\n         ~~~~~~~~~~~~~~~~~^^\n  File \"C:\\Users\\Khine\\Desktop\\KoreX Financial System\\backend\\venv\\Lib\\site-packages\\sqlalchemy\\util\\langhelpers.py\", line 224, in __exit__\n    raise exc_value.with_traceback(exc_tb)\n  File \"C:\\Users\\Khine\\Desktop\\KoreX Financial System\\backend\\venv\\Lib\\site-packages\\sqlalchemy\\orm\\session.py\", line 4427, in _flush\n    flush_context.execute()\n    ~~~~~~~~~~~~~~~~~~~~~^^\n  File \"C:\\Users\\Khine\\Desktop\\KoreX Financial System\\backend\\venv\\Lib\\site-packages\\sqlalchemy\\orm\\unitofwork.py\", line 466, in execute\n    rec.execute(self)\n    ~~~~~~~~~~~^^^^^^\n  File \"C:\\Users\\Khine\\Desktop\\KoreX Financial System\\backend\\venv\\Lib\\site-packages\\sqlalchemy\\orm\\unitofwork.py\", line 642, in execute\n    util.preloaded.orm_persistence.save_obj(\n    ~~~~~~~~~~~~~~~~~~~~~~~~~~~~~~~~~~~~~~~^\n        self.mapper,\n        ^^^^^^^^^^^^\n        uow.states_for_mapper_hierarchy(self.mapper, False, False),\n        ^^^^^^^^^^^^^^^^^^^^^^^^^^^^^^^^^^^^^^^^^^^^^^^^^^^^^^^^^^^\n        uow,\n        ^^^^\n    )\n    ^\n  File \"C:\\Users\\Khine\\Desktop\\KoreX Financial System\\backend\\venv\\Lib\\site-packages\\sqlalchemy\\orm\\persistence.py\", line 93, in save_obj\n    _emit_insert_statements(\n    ~~~~~~~~~~~~~~~~~~~~~~~^\n        base_mapper,\n        ^^^^^^^^^^^^\n    ...<3 lines>...\n        insert,\n        ^^^^^^^\n    )\n    ^\n  File \"C:\\Users\\Khine\\Desktop\\KoreX Financial System\\backend\\venv\\Lib\\site-packages\\sqlalchemy\\orm\\persistence.py\", line 1143, in _emit_insert_statements\n    result = connection.execute(\n        statement, multiparams, execution_options=execution_options\n    )\n  File \"C:\\Users\\Khine\\Desktop\\KoreX Financial System\\backend\\venv\\Lib\\site-packages\\sqlalchemy\\engine\\base.py\", line 1419, in execute\n    return meth(\n        self,\n        distilled_parameters,\n        execution_options or NO_OPTIONS,\n    )\n  File \"C:\\Users\\Khine\\Desktop\\KoreX Financial System\\backend\\venv\\Lib\\site-packages\\sqlalchemy\\sql\\elements.py\", line 527, in _execute_on_connection\n    return connection._execute_clauseelement(\n           ~~~~~~~~~~~~~~~~~~~~~~~~~~~~~~~~~^\n        self, distilled_params, execution_options\n        ^^^^^^^^^^^^^^^^^^^^^^^^^^^^^^^^^^^^^^^^^\n    )\n    ^\n  File \"C:\\Users\\Khine\\Desktop\\KoreX Financial System\\backend\\venv\\Lib\\site-packages\\sqlalchemy\\engine\\base.py\", line 1641, in _execute_clauseelement\n    ret = self._execute_context(\n        dialect,\n    ...<8 lines>...\n        cache_hit=cache_hit,\n    )\n  File \"C:\\Users\\Khine\\Desktop\\KoreX Financial System\\backend\\venv\\Lib\\site-packages\\sqlalchemy\\engine\\base.py\", line 1844, in _execute_context\n    return self._exec_insertmany_context(dialect, context)\n           ~~~~~~~~~~~~~~~~~~~~~~~~~~~~~^^^^^^^^^^^^^^^^^^\n  File \"C:\\Users\\Khine\\Desktop\\KoreX Financial System\\backend\\venv\\Lib\\site-packages\\sqlalchemy\\engine\\base.py\", line 2133, in _exec_insertmany_context\n    self._handle_dbapi_exception(\n    ~~~~~~~~~~~~~~~~~~~~~~~~~~~~^\n        e,\n        ^^\n    ...<4 lines>...\n        is_sub_exec=True,\n        ^^^^^^^^^^^^^^^^^\n    )\n    ^\n  File \"C:\\Users\\Khine\\Desktop\\KoreX Financial System\\backend\\venv\\Lib\\site-packages\\sqlalchemy\\engine\\base.py\", line 2363, in _handle_dbapi_exception\n    raise sqlalchemy_exception.with_traceback(exc_info[2]) from e\n  File \"C:\\Users\\Khine\\Desktop\\KoreX Financial System\\backend\\venv\\Lib\\site-packages\\sqlalchemy\\engine\\base.py\", line 2125, in _exec_insertmany_context\n    dialect.do_execute(\n    ~~~~~~~~~~~~~~~~~~^\n        cursor,\n        ^^^^^^^\n    ...<2 lines>...\n        context,\n        ^^^^^^^^\n    )\n    ^\n  File \"C:\\Users\\Khine\\Desktop\\KoreX Financial System\\backend\\venv\\Lib\\site-packages\\sqlalchemy\\engine\\default.py\", line 952, in do_execute\n    cursor.execute(statement, parameters)\n    ~~~~~~~~~~~~~~^^^^^^^^^^^^^^^^^^^^^^^\nsqlalchemy.exc.ProgrammingError: (psycopg2.errors.DatatypeMismatch) column \"user_id\" is of type uuid but expression is of type character varying\nLINE 1: ...pecific_1, date_specific_2, month_of_year) SELECT p0::VARCHA...\n                                                             ^\nHINT:  You will need to rewrite or cast the expression.\n\n[SQL: INSERT INTO cashflow_items (user_id, name, amount, category, frequency, is_variable, day_of_month, day_of_week, date_specific_1, date_specific_2, month_of_year) SELECT p0::VARCHAR, p1::VARCHAR, p2::NUMERIC(14, 2), p3::VARCHAR, p4::VARCHAR, p5::BOOLEA ... 4092 characters truncated ... , p9, p10, sen_counter) ORDER BY sen_counter RETURNING cashflow_items.id, cashflow_items.id AS id__1]\n[parameters: {'frequency__0': 'monthly', 'date_specific_1__0': None, 'date_specific_2__0': None, 'month_of_year__0': None, 'day_of_week__0': None, 'is_variable__0': False, 'amount__0': Decimal('8500.00'), 'name__0': 'LLC Distribution', 'category__0': 'income', 'day_of_month__0': 1, 'user_id__0': '00000000-0000-4000-a000-000000000001', 'frequency__1': 'biweekly', 'date_specific_1__1': None, 'date_specific_2__1': None, 'month_of_year__1': None, 'day_of_week__1': 4, 'is_variable__1': False, 'amount__1': Decimal('4200.00'), 'name__1': 'W2 Consulting', 'category__1': 'income', 'day_of_month__1': 15, 'user_id__1': '00000000-0000-4000-a000-000000000001', 'frequency__2': 'monthly', 'date_specific_1__2': None, 'date_specific_2__2': None, 'month_of_year__2': None, 'day_of_week__2': None, 'is_variable__2': False, 'amount__2': Decimal('2800.00'), 'name__2': 'Rental Income #1', 'category__2': 'income', 'day_of_month__2': 5, 'user_id__2': '00000000-0000-4000-a000-000000000001', 'frequency__3': 'monthly', 'date_specific_1__3': None, 'date_specific_2__3': None, 'month_of_year__3': None, 'day_of_week__3': None, 'is_variable__3': False, 'amount__3': Decimal('2200.00'), 'name__3': 'Rental Income #2', 'category__3': 'income', 'day_of_month__3': 5, 'user_id__3': '00000000-0000-4000-a000-000000000001', 'frequency__4': 'monthly', 'date_specific_1__4': None, 'date_specific_2__4': None, 'month_of_year__4': None, 'day_of_week__4': None, 'is_variable__4': True ... 98 parameters truncated ... 'is_variable__13': True, 'amount__13': Decimal('420.00'), 'name__13': 'Utilities - All Properties', 'category__13': 'expense', 'day_of_month__13': 15, 'user_id__13': '00000000-0000-4000-a000-000000000001', 'frequency__14': 'monthly', 'date_specific_1__14': None, 'date_specific_2__14': None, 'month_of_year__14': None, 'day_of_week__14': None, 'is_variable__14': False, 'amount__14': Decimal('280.00'), 'name__14': 'Internet + Phone Bundle', 'category__14': 'expense', 'day_of_month__14': 18, 'user_id__14': '00000000-0000-4000-a000-000000000001', 'frequency__15': 'monthly', 'date_specific_1__15': None, 'date_specific_2__15': None, 'month_of_year__15': None, 'day_of_week__15': None, 'is_variable__15': False, 'amount__15': Decimal('350.00'), 'name__15': 'Gym + Country Club', 'category__15': 'expense', 'day_of_month__15': 1, 'user_id__15': '00000000-0000-4000-a000-000000000001', 'frequency__16': 'monthly', 'date_specific_1__16': None, 'date_specific_2__16': None, 'month_of_year__16': None, 'day_of_week__16': None, 'is_variable__16': False, 'amount__16': Decimal('1800.00'), 'name__16': 'Kids School Tuition', 'category__16': 'expense', 'day_of_month__16': 5, 'user_id__16': '00000000-0000-4000-a000-000000000001', 'frequency__17': 'weekly', 'date_specific_1__17': None, 'date_specific_2__17': None, 'month_of_year__17': None, 'day_of_week__17': 5, 'is_variable__17': True, 'amount__17': Decimal('600.00'), 'name__17': 'Groceries + Household', 'category__17': 'expense', 'day_of_month__17': 1, 'user_id__17': '00000000-0000-4000-a000-000000000001'}]\n(Background on this error at: https://sqlalche.me/e/20/f405)\n"}
